       -0.716013       -0.220996         0.91906
       -0.086539        0.911727        -1.70872
        0.618564        -1.19771        0.121907
         0.29105        0.466471       -0.925539
         1.08473        -1.58954       -0.497485
         2.84509        0.860536        -2.67272
         1.41659         0.77894       -0.581328
        -1.02207      -0.0489554        -1.76101
        -1.27555       -0.108595        -1.89717
        -1.46556        0.330547          1.0525
         1.17971        0.395327         -1.1887
         1.69765       -0.238336        0.921256
       -0.487417       0.0219472        -1.45629
        0.174393       -0.440622      -0.0333131
         2.30974       0.0322155        -1.29714
       -0.825465        -1.47449         1.35645
       -0.268538        0.896153       -0.760431
       -0.913118       -0.599349         1.06709
       -0.510777         -0.1909      -0.0991702
       -0.274534       -0.407165      -0.0366349
          1.2016         1.67666        0.452638
        0.807518        -1.15633       -0.322064
        0.549172       -0.644567         1.49667
       -0.157957       -0.704975        0.594982
        0.480254         1.71363       -0.981024
       -0.100315        0.645869        0.847125
       -0.635664         1.06206         1.22446
         -0.7734        -0.68736          1.3039
         1.83086        -1.27393        0.966021
       -0.502311        0.024914       -0.409291
        -1.25676        -0.47298         1.93182
       -0.750087        0.123223        -1.05837
        -1.14664        -1.05052       -0.223779
         0.22814        -1.77957         0.30499
        -1.50544        0.972029        0.257057
         1.05281        -1.09399        0.856269
        0.138927        0.874397        0.824765
         1.14264        0.221627         1.68175
        0.583164       -0.113499        -1.14988
        0.690758         0.89245       -0.395335
        0.653568        0.277042        0.914924
       -0.638713       -0.313209         1.49376
      -0.0917035        0.169898       -0.864633
       -0.456131        -0.86323       -0.512176
      -0.0803268        0.284588         0.11329
         1.57592         1.42223         1.83783
        0.370009       -0.891384         1.03982
       0.0157832         0.75522       -0.850839
         1.32983         1.00755        -1.18078
        -1.27005        0.223339        0.616851
         1.08836         1.15787        0.789175
       0.0257691       -0.275119        0.829871
        -0.68415        0.730139       -0.586599
        -1.08197       -0.731381        -1.21499
        -1.76702         1.00577        -1.38985
         0.70703        -1.39721       -0.552243
         1.68377       -0.599269         1.41428
         -1.5519       0.0504715       -0.572615
        -1.94658        0.425582        0.611681
         1.70964        -1.78096        -1.36622
        -1.11737        0.688234        -1.56985
        0.814621       0.0610086        -1.95808
         0.81644       -0.946232         3.20081
        0.243502        -1.09736        0.926617
       -0.714475       -0.327656        0.519159
        -1.46007       -0.367461         1.24058
       -0.609725         1.30363        0.393019
        -1.07638      -0.0144508       -0.959975
        -2.47185       -0.281414       -0.142108
        -1.32542        -1.37609        0.131135
        0.527272        -1.58994        0.861491
        0.569168       -0.742134        0.408618
        0.564488        -2.46865        0.470438
         1.63319       -0.619097       -0.864175
        -1.07962        0.562094       -0.268022
        -1.63858        0.569147       -0.226273
      -0.0440149         2.65844       -0.859897
        -0.76511        0.223823        0.241659
        0.612817       0.0856528        -1.30848
        -1.15905       -0.819126       -0.733639
        0.125611       -0.268665        -1.81322
       0.0154054        -1.19432        0.337579
         1.07753       -0.418169        0.232143
        -1.35834         1.86826         2.31296
         1.13477       -0.533792       -0.678939
       -0.573543        0.613129        0.645845
       -0.870009       -0.351976        0.465073
        0.239209         1.55256       -0.470507
       -0.129271       0.0605914        0.959634
        -1.58694       -0.117884       -0.446154
       0.0505246         1.11084        0.711934
        -1.61176        -1.23822       -0.844629
       -0.044592        0.773205         1.63896
           1.441        0.465383        0.304682
        0.653938         0.88356       -0.895308
         2.90084         0.59807        -1.32032
        0.361146        0.421166         1.56559
         1.34643        0.865442       -0.424663
       -0.156069         3.33905        0.182478
       -0.447745        -0.68522        0.534101
         1.36273        -1.59957       -0.146939
        0.339238        -1.15351        -2.35714
       -0.563118        0.254437         0.44543
        -1.98768       -0.445736         1.16211
         2.05779         1.47253       -0.826989
       -0.369334       -0.144528          1.4644
        -1.06226        0.165879       -0.441311
       0.0943023        0.140782        -1.09567
