         1.35623        -0.24403          1.1766
        -1.17246       -0.389727         0.36594
        0.217522        0.444101        0.129924
        0.412156          1.2974       -0.807888
        0.209309        0.274024        0.504848
       -0.980079       -0.154389        0.495804
        0.776072      -0.0754931       0.0863317
       0.0129541        0.336322         1.20225
         1.86038        0.063804        0.227811
       0.0627202         1.04433        -1.44568
         0.57029       -0.633865       -0.960223
       -0.874461       -0.645895        -1.06835
        0.673044        0.311446       -0.406991
       -0.187102        0.846265         1.12847
       -0.175352        -0.94796        -1.67941
         1.54411        0.553769         1.12652
       0.0073719        0.695684        0.759375
         1.54675        0.312084       -0.111362
       -0.875563       -0.905466           1.072
       0.0579278       -0.703428         1.06144
      -0.0540221       -0.841187        -1.42693
       -0.562616       -0.662284       0.0894591
       -0.504664        0.444342        0.172736
          0.7277        -1.68029       -0.231067
        0.312455       -0.338244        -1.46616
        0.737446       -0.440187        0.825055
        0.451908       0.0779078         1.64116
         -2.6838       -0.752454        -0.36644
        -1.62055        -1.15508        0.230585
        0.311016       -0.716737        0.199827
        0.382299        0.125059         1.21464
       -0.198112         1.51458       -0.559729
      -0.0369743       -0.458637       -0.504538
        0.565057         2.99026         1.52955
        0.303168       -0.708914          1.1679
        0.172979        0.202868       -0.154481
       -0.764721         0.55366        0.378723
       -0.715611        0.472631        -1.63518
       -0.145705       0.0289478       -0.337744
       -0.825224         0.14501        0.594356
         1.11402        0.307164       -0.347449
       -0.234417        0.956503        -1.49563
      -0.0466253       -0.796839       -0.316339
        0.337443       -0.996935        0.551124
          0.9277        0.533407          -1.101
        0.513575        0.196069         1.12801
        0.312637       -0.195049       -0.495659
        -1.28109        0.985012        -2.13689
       -0.253123        -1.09681        0.116975
        -1.56462        0.204249        -1.07839
        -1.39038       -0.268655       -0.842601
         0.96891       -0.228862      -0.0241509
       -0.574095         1.76669        0.243411
        -1.62377      -0.0816177       -0.159189
       0.0590005        -1.07804       -0.687238
         2.10516        0.677799       -0.401973
         1.21035       -0.600311        0.968005
        0.956915         1.07685       -0.282728
       -0.979933        0.642724         0.62384
        -0.96344         0.84288       -0.756772
       -0.234599        -1.40396        0.948317
        -1.32554        -1.50817        -0.64478
        0.372476        0.226483       -0.896787
        0.254059        0.603297        0.622839
       -0.534535        -1.26744       -0.963725
         0.23946          -1.587        0.920354
        0.842445       -0.500719        0.752623
        -1.26172         0.93784        -1.75008
       -0.177654       -0.616211       -0.718059
        -1.19978        0.437634       -0.702084
       -0.284157       -0.676188         1.12287
        -1.68503         0.74261       -0.364622
        0.650497        0.154147       -0.330057
       0.0772343         1.21763      -0.0990627
       -0.225452         0.18955       -0.880064
       -0.340279       0.0720923        0.734287
       -0.148632        -1.12227         -1.1026
         1.14251        0.921329        -1.59462
      -0.0315702        0.929257       -0.655751
       -0.373126       0.0830479         1.52133
         2.34306       -0.426515        0.428897
        -1.68388        -1.02244        0.698285
        -1.46687        0.126403        0.276535
       -0.383733        0.216731         0.65715
        0.999323         1.47252        -0.30026
         1.66968        0.415927         1.74583
       -0.370443        0.919639      -0.0845578
        0.612659      -0.0989334        -2.00561
         1.34094       -0.364774       -0.506567
         0.15291        0.232206        0.432662
        0.619382        0.191885        0.632345
       -0.297674        0.952192         1.03845
       -0.341077        -1.23898       -0.138564
         2.01038       -0.409753        0.653552
       -0.150957        0.539958      -0.0953338
       0.0693279       -0.504928        0.156426
       -0.814859        0.242235        0.321386
        -1.68911       -0.518884       -0.364771
         -0.6105         1.09953        0.861921
       -0.736482        -1.45345       -0.362722
        0.567869         1.71775         1.61124
      -0.0854738        -1.97699        -1.10805
        0.200878        -1.28367          1.1798
         1.53773       -0.829274        0.309439
       -0.889398        0.749608         1.26316
       -0.311807         1.91241       -0.367619
        0.815804        0.330769         -1.1845
        0.647656        -1.95058        0.606666
