        0.130082         1.00325       -0.264049
         0.68058        0.177207        -2.40959
       -0.663151        0.013746        -1.28679
        0.326473        -1.16552        0.334851
        -1.34816        0.626094        0.904261
        -2.15715       -0.584107        0.998726
       -0.592265       -0.214916         1.50216
       0.0253254        0.918329        0.301428
         0.74436         1.35877       -0.356028
        -1.44622         2.49819         1.04462
       -0.409908        0.567288         1.00467
        0.281811       -0.743737       -0.159106
         1.22408         1.86687         1.05958
          -1.143       -0.619039        0.515007
        0.809767        0.475427         1.02155
         2.06804        -2.32074       -0.460984
       -0.546864        0.155233        0.623777
        -1.72722         1.22898        0.507159
       -0.518119        0.187096        0.127842
       -0.114446       -0.489118         1.44313
       -0.470735       -0.512173         -2.0995
        -1.47973         2.39146       -0.720425
      -0.0387024        0.149764      -0.0759431
         -0.8041        0.855036       -0.370575
        0.174092         0.11061          -1.083
       -0.085337        0.493656        -1.30501
        0.423325        0.468322         1.15692
       0.0103988         0.80352       -0.456104
        -0.22991       -0.520131        -1.15998
        0.208416          1.2622        -0.20392
        0.696257       -0.237303        0.261855
         1.62409        0.596699        0.140001
      0.00692458        0.100767        0.171738
        0.756499        0.602776        0.850077
        0.410243        -0.38474        0.521887
        0.420893        0.295165        0.835886
       -0.930236       -0.502678       0.0576626
       -0.700553        -0.85409        -1.13945
        0.192132       -0.104706        0.492165
       -0.979713         -0.1239       -0.670543
       -0.759533          0.2814        0.528902
       -0.655573       -0.405394       -0.518708
       -0.804315        -1.07812       -0.315355
       -0.971699        0.377937        0.571788
       -0.470643        0.876115        -1.48357
        0.255299        0.663118       0.0689178
       -0.934383        -1.33207       -0.181094
       -0.726602        -2.01718        -1.44744
       -0.309601       -0.419951        0.796203
         1.22832      -0.0681386        0.934354
       -0.188109         1.37075       -0.845207
        0.735818       -0.356567        -0.44468
         1.66127         -1.2264       -0.222481
      -0.0242514        -1.34263        0.887045
       -0.091352       -0.345299        0.231533
         2.18534        0.850841       -0.746581
        0.112762       -0.648974         1.07064
        0.425605        0.455717       -0.234222
       -0.587992         1.08312        0.924531
       -0.226427        0.109647        0.999421
         1.67132       -0.369859        -1.31516
         1.64511        -1.13774         1.21276
         1.55733        0.634315        -1.06687
       -0.567068         -0.4511       -0.564378
        0.646553         -1.3531         1.69497
         1.05779        0.259284        -1.66415
        0.481385       -0.920608         1.35671
       -0.315593        -1.10849        -0.21375
         2.11472        -1.35127       -0.197553
         1.75764         1.27196       -0.468997
       -0.576159        0.250515        0.409224
       0.0962031       -0.672203       -0.246195
       -0.289956        -1.39047       -0.454098
        -1.10818        0.154226       -0.451064
       -0.356245        -1.75685        0.953039
        -1.43296        -0.39345       -0.942378
       -0.019422       0.0643296        0.769396
         -0.0629        0.112792       -0.402513
        0.665075        0.450366       -0.851876
       -0.460239        -1.05071       -0.865401
       -0.532913        0.338464        0.950838
        0.122589        0.310023        -1.05143
      -0.0890007         1.42905         1.25126
       -0.345705       -0.367354         1.19777
      -0.0781395       -0.432794         0.20249
       -0.263419        0.689404       -0.399348
        0.905372        0.633112         1.37977
        0.115097        -1.79303        0.604049
        0.441257       -0.309701        0.296348
       0.0369241        0.800276       0.0127685
        0.623192        0.259796         2.13515
        -1.10771       -0.984702         1.10872
        -1.72001      -0.0486757        -0.69157
       -0.542836        -1.01535        0.242151
       -0.299196       -0.200791        0.185343
        0.412241        -1.17037        0.298055
       -0.324843        -1.74672        0.505508
       0.0790259       -0.876338        -1.00551
         2.44672       0.0089252       -0.691393
        0.471893         1.08305      -0.0835544
        0.267199        0.761359        -0.40462
       -0.346916        0.222453        0.220627
        -1.10823       0.0175279        -1.81543
        0.108271        0.615737       -0.452336
        0.890642        0.882582        -1.05042
        0.305595       0.0320688        -1.19234
        -1.43255         1.55104        -0.97089
        -0.22115         1.41153        0.296346
