         1.00816       -0.605988       -0.173359
        0.856479        0.852662        0.377996
        0.626567       -0.873021       -0.867168
        -1.63414        -1.28224       -0.156278
       -0.646744          1.8087       -0.318501
         1.39507        0.473864         1.34219
       -0.975165       -0.258667        0.480601
       -0.368115       -0.182232        0.123328
        -1.04009        -1.70606        -1.61953
       -0.696687       0.0915983        0.506818
        0.931916        -1.55876        -1.66036
        -1.19149       -0.329491         1.17671
         1.81831        0.282271       -0.088967
        0.868709       -0.186461        -0.66813
       0.0117839        0.305023       -0.406431
        0.772094        0.787941         1.43833
        0.631699         1.88625        0.730781
         0.85555       0.0319961        -1.07403
       -0.751034        -1.00339        -1.04566
         1.12325        0.770987         1.65629
      -0.0168507         1.76447        -1.29973
        0.671909        0.623835       0.0392133
       -0.806975       -0.578177         1.58727
       -0.202444       -0.654919       -0.783859
       -0.667855        -1.08116       0.0083204
       -0.729439          1.8092        -1.71682
         2.30511        0.905465         1.53586
       -0.874126        0.495069         0.23184
         1.30723       0.0883564         1.63443
        -1.31328        -1.48546        0.771109
       -0.774111        -1.68824         1.54186
        -0.69822        0.337643       0.0228986
         1.14811        0.462668       -0.427435
       -0.648037        0.241139       0.0615401
        0.387062        0.584116       -0.280206
         2.55736         1.12527        -2.00296
      -0.0477423       -0.704609         1.17077
        0.318515         2.36694       -0.236139
        0.582727         0.13831        0.320935
        0.213749         1.33426        -0.52113
        -1.04845       -0.252191       -0.038147
        -1.08336       0.0980983        -1.20625
         2.84812        0.598426       -0.231878
       -0.121092       0.0895038         -1.7154
        0.332065         1.17918       -0.142019
          1.1945       -0.551042         1.32255
        0.128139       -0.167805        -1.72073
      -0.0157801        0.399802       0.0509585
       -0.526434         1.93032       -0.236055
       -0.472702        0.770841       -0.223598
        0.235603         1.07841        0.157653
        0.989537        0.268391         1.71995
         2.23071       -0.959465       -0.427251
        0.512908        0.662601        -0.28349
       0.0970755        0.904814        0.866828
       -0.306591       -0.952616         1.75459
      -0.0137579      -0.0955092       -0.080873
        0.071639       -0.962793       -0.290632
       -0.662752        0.860645        0.875452
         1.17542       0.0491875        -1.10287
         1.15059        -1.84156       0.0694226
        0.681727       -0.859978         1.12927
        0.171723        0.208638        -1.11825
        0.358057       -0.246001        -1.90923
        0.870088         1.25471       -0.107662
       -0.121146       -0.353883        -2.34725
        -1.17924        0.522299        -2.13541
        -1.15621        -2.43483         2.59186
      -0.0605975        0.987005        -1.85674
        -1.73087         1.82972         0.30525
        -1.08515        -1.18039        0.635759
         1.21231        -1.62067       0.0364461
        -0.12398        0.170868       -0.943846
        -1.36973       -0.200191         2.34586
         2.11249         1.10644         2.24391
          0.8993       0.0658325         1.08409
        0.579789        0.924061         0.81257
        0.495934        -1.63111        0.156569
        -0.20558       -0.706396       -0.952401
        -1.66065        0.623692       -0.431163
        -2.22905       -0.461901        0.751544
       -0.109377       -0.696733        0.878932
       -0.375519        -1.48024        -1.02393
        0.617725      -0.0064091       -0.202207
       -0.145041       -0.341912        0.945533
       -0.527464        -2.49328       -0.447062
       0.0295581        -1.74667            0.87
       -0.984387       -0.968972         1.09069
       -0.861845        0.496051        -1.46779
       -0.798522       -0.345034        -1.12466
        -1.27365         1.80961      0.00304911
        -2.63545       -0.449314       0.0168952
      -0.0408948         1.46225       -0.418455
         1.70581         1.86939        0.728194
        -2.08637        0.201567        0.182602
        0.910194        0.956718        -1.89487
        -1.91118       -0.852062       -0.644536
        0.548774        -1.16446         1.72664
         1.28195         1.72673        0.581793
        -1.56649       -0.934117       -0.566583
        -1.12033       -0.535048       -0.678157
       -0.308232         1.07505         1.14381
        0.559156        -2.97337       0.0342857
       -0.538046       -0.336057          -0.572
        0.137262         1.25578       -0.516338
         1.38906        -1.85052        -1.41719
        -1.29792         1.57769         1.88188
      -0.0821977        -1.75094       0.0677023
